<?xml version="1.0" encoding="UTF-8"?>
<testsuite name="com.insurance.policy.PolicyApplicationTests" tests="1" skipped="0" failures="0" errors="0" timestamp="2022-02-15T17:18:01" hostname="192-168-0-102.rdsnet.ro" time="0.247">
  <properties/>
  <testcase name="contextLoads()" classname="com.insurance.policy.PolicyApplicationTests" time="0.247"/>
  <system-out><![CDATA[19:18:00.795 [Test worker] DEBUG org.springframework.test.context.BootstrapUtils - Instantiating CacheAwareContextLoaderDelegate from class [org.springframework.test.context.cache.DefaultCacheAwareContextLoaderDelegate]
19:18:00.809 [Test worker] DEBUG org.springframework.test.context.BootstrapUtils - Instantiating BootstrapContext using constructor [public org.springframework.test.context.support.DefaultBootstrapContext(java.lang.Class,org.springframework.test.context.CacheAwareContextLoaderDelegate)]
19:18:00.838 [Test worker] DEBUG org.springframework.test.context.BootstrapUtils - Instantiating TestContextBootstrapper for test class [com.insurance.policy.PolicyApplicationTests] from class [org.springframework.boot.test.context.SpringBootTestContextBootstrapper]
19:18:00.845 [Test worker] INFO org.springframework.boot.test.context.SpringBootTestContextBootstrapper - Neither @ContextConfiguration nor @ContextHierarchy found for test class [com.insurance.policy.PolicyApplicationTests], using SpringBootContextLoader
19:18:00.848 [Test worker] DEBUG org.springframework.test.context.support.AbstractContextLoader - Did not detect default resource location for test class [com.insurance.policy.PolicyApplicationTests]: class path resource [com/insurance/policy/PolicyApplicationTests-context.xml] does not exist
19:18:00.849 [Test worker] DEBUG org.springframework.test.context.support.AbstractContextLoader - Did not detect default resource location for test class [com.insurance.policy.PolicyApplicationTests]: class path resource [com/insurance/policy/PolicyApplicationTestsContext.groovy] does not exist
19:18:00.849 [Test worker] INFO org.springframework.test.context.support.AbstractContextLoader - Could not detect default resource locations for test class [com.insurance.policy.PolicyApplicationTests]: no resource found for suffixes {-context.xml, Context.groovy}.
19:18:00.849 [Test worker] INFO org.springframework.test.context.support.AnnotationConfigContextLoaderUtils - Could not detect default configuration classes for test class [com.insurance.policy.PolicyApplicationTests]: PolicyApplicationTests does not declare any static, non-private, non-final, nested classes annotated with @Configuration.
19:18:00.874 [Test worker] DEBUG org.springframework.test.context.support.ActiveProfilesUtils - Could not find an 'annotation declaring class' for annotation type [org.springframework.test.context.ActiveProfiles] and class [com.insurance.policy.PolicyApplicationTests]
19:18:00.934 [Test worker] DEBUG org.springframework.context.annotation.ClassPathScanningCandidateComponentProvider - Identified candidate component class: file [/Users/alin/insurance/insurance-company/build/classes/java/main/com/insurance/policy/PolicyApplication.class]
19:18:00.936 [Test worker] INFO org.springframework.boot.test.context.SpringBootTestContextBootstrapper - Found @SpringBootConfiguration com.insurance.policy.PolicyApplication for test class com.insurance.policy.PolicyApplicationTests
19:18:01.003 [Test worker] DEBUG org.springframework.boot.test.context.SpringBootTestContextBootstrapper - @TestExecutionListeners is not present for class [com.insurance.policy.PolicyApplicationTests]: using defaults.
19:18:01.003 [Test worker] INFO org.springframework.boot.test.context.SpringBootTestContextBootstrapper - Loaded default TestExecutionListener class names from location [META-INF/spring.factories]: [org.springframework.boot.test.autoconfigure.restdocs.RestDocsTestExecutionListener, org.springframework.boot.test.autoconfigure.web.client.MockRestServiceServerResetTestExecutionListener, org.springframework.boot.test.autoconfigure.web.servlet.MockMvcPrintOnlyOnFailureTestExecutionListener, org.springframework.boot.test.autoconfigure.web.servlet.WebDriverTestExecutionListener, org.springframework.boot.test.autoconfigure.webservices.client.MockWebServiceServerTestExecutionListener, org.springframework.boot.test.mock.mockito.MockitoTestExecutionListener, org.springframework.boot.test.mock.mockito.ResetMocksTestExecutionListener, org.springframework.test.context.web.ServletTestExecutionListener, org.springframework.test.context.support.DirtiesContextBeforeModesTestExecutionListener, org.springframework.test.context.event.ApplicationEventsTestExecutionListener, org.springframework.test.context.support.DependencyInjectionTestExecutionListener, org.springframework.test.context.support.DirtiesContextTestExecutionListener, org.springframework.test.context.transaction.TransactionalTestExecutionListener, org.springframework.test.context.jdbc.SqlScriptsTestExecutionListener, org.springframework.test.context.event.EventPublishingTestExecutionListener]
19:18:01.012 [Test worker] DEBUG org.springframework.boot.test.context.SpringBootTestContextBootstrapper - Skipping candidate TestExecutionListener [org.springframework.test.context.transaction.TransactionalTestExecutionListener] due to a missing dependency. Specify custom listener classes or make the default listener classes and their required dependencies available. Offending class: [org/springframework/transaction/TransactionDefinition]
19:18:01.012 [Test worker] DEBUG org.springframework.boot.test.context.SpringBootTestContextBootstrapper - Skipping candidate TestExecutionListener [org.springframework.test.context.jdbc.SqlScriptsTestExecutionListener] due to a missing dependency. Specify custom listener classes or make the default listener classes and their required dependencies available. Offending class: [org/springframework/transaction/interceptor/TransactionAttribute]
19:18:01.013 [Test worker] INFO org.springframework.boot.test.context.SpringBootTestContextBootstrapper - Using TestExecutionListeners: [org.springframework.test.context.web.ServletTestExecutionListener@6f603e89, org.springframework.test.context.support.DirtiesContextBeforeModesTestExecutionListener@2756c0a7, org.springframework.test.context.event.ApplicationEventsTestExecutionListener@350ec41e, org.springframework.boot.test.mock.mockito.MockitoTestExecutionListener@69637b10, org.springframework.boot.test.autoconfigure.SpringBootDependencyInjectionTestExecutionListener@71984c3, org.springframework.test.context.support.DirtiesContextTestExecutionListener@165b2f7f, org.springframework.test.context.event.EventPublishingTestExecutionListener@5536379e, org.springframework.boot.test.autoconfigure.restdocs.RestDocsTestExecutionListener@277f7dd3, org.springframework.boot.test.autoconfigure.web.client.MockRestServiceServerResetTestExecutionListener@6c8bca63, org.springframework.boot.test.autoconfigure.web.servlet.MockMvcPrintOnlyOnFailureTestExecutionListener@2364305a, org.springframework.boot.test.autoconfigure.web.servlet.WebDriverTestExecutionListener@470a696f, org.springframework.boot.test.autoconfigure.webservices.client.MockWebServiceServerTestExecutionListener@1bc715b8, org.springframework.boot.test.mock.mockito.ResetMocksTestExecutionListener@292d1c71]
19:18:01.015 [Test worker] DEBUG org.springframework.test.context.support.AbstractDirtiesContextTestExecutionListener - Before test class: context [DefaultTestContext@2cac4385 testClass = PolicyApplicationTests, testInstance = [null], testMethod = [null], testException = [null], mergedContextConfiguration = [WebMergedContextConfiguration@6731787b testClass = PolicyApplicationTests, locations = '{}', classes = '{class com.insurance.policy.PolicyApplication}', contextInitializerClasses = '[]', activeProfiles = '{}', propertySourceLocations = '{}', propertySourceProperties = '{org.springframework.boot.test.context.SpringBootTestContextBootstrapper=true}', contextCustomizers = set[org.springframework.boot.test.autoconfigure.actuate.metrics.MetricsExportContextCustomizerFactory$DisableMetricExportContextCustomizer@13ad5cd3, org.springframework.boot.test.autoconfigure.properties.PropertyMappingContextCustomizer@0, org.springframework.boot.test.autoconfigure.web.servlet.WebDriverContextCustomizerFactory$Customizer@41e68d87, org.springframework.boot.test.context.filter.ExcludeFilterContextCustomizer@45312be2, org.springframework.boot.test.json.DuplicateJsonObjectContextCustomizerFactory$DuplicateJsonObjectContextCustomizer@7331196b, org.springframework.boot.test.mock.mockito.MockitoContextCustomizer@0, org.springframework.boot.test.web.client.TestRestTemplateContextCustomizer@39a2bb97, org.springframework.boot.test.context.SpringBootTestArgs@1, org.springframework.boot.test.context.SpringBootTestWebEnvironment@2beee7ff], resourceBasePath = 'src/main/webapp', contextLoader = 'org.springframework.boot.test.context.SpringBootContextLoader', parent = [null]], attributes = map['org.springframework.test.context.web.ServletTestExecutionListener.activateListener' -> true]], class annotated with @DirtiesContext [false] with mode [null].

  .   ____          _            __ _ _
 /\\ / ___'_ __ _ _(_)_ __  __ _ \ \ \ \
( ( )\___ | '_ | '_| | '_ \/ _` | \ \ \ \
 \\/  ___)| |_)| | | | | || (_| |  ) ) ) )
  '  |____| .__|_| |_|_| |_\__, | / / / /
 =========|_|==============|___/=/_/_/_/
 :: Spring Boot ::                (v2.6.3)

2022-02-15 19:18:01.209  INFO 37074 --- [    Test worker] c.i.policy.PolicyApplicationTests        : Starting PolicyApplicationTests using Java 17.0.2 on 192-168-0-102.rdsnet.ro with PID 37074 (started by alin in /Users/alin/insurance/insurance-company)
2022-02-15 19:18:01.210  INFO 37074 --- [    Test worker] c.i.policy.PolicyApplicationTests        : No active profile set, falling back to default profiles: default
2022-02-15 19:18:01.950  INFO 37074 --- [    Test worker] c.i.policy.PolicyApplicationTests        : Started PolicyApplicationTests in 0.909 seconds (JVM running for 1.649)
]]></system-out>
  <system-err><![CDATA[[2022.02.15 19:18:01] (Coverage): Error during class instrumentation: org.springframework.boot.logging.log4j2.Log4J2LoggingSystem: java.lang.RuntimeException: java.io.IOException: Class org/apache/logging/log4j/core/config/composite/CompositeConfiguration not found
]]></system-err>
</testsuite>
